<?xml version="1.0" encoding="UTF-8"?>
<testsuite name="NumericMatrixProcessorTest" tests="1" skipped="0" failures="0" errors="0" timestamp="2020-04-13T00:59:03" hostname="DESKTOP-DNIV660" time="0.533">
  <properties/>
  <testcase name="start" classname="NumericMatrixProcessorTest" time="0.533"/>
  <system-out><![CDATA[?[1;31m
Start test 1?[0m
1. Add matrices
2. Multiply matrix to a constant
3. Multiply matrices
4. Transpose matrix
5. Calculate a determinant
6. Inverse matrix
0. Exit
Your choice: > >1
Enter size of matrix: > >3 3
Enter matrix:
>3 4 55
>4 1 1
>9 0 0
Enter size of matrix: > >3 3
Enter matrix:
>4 9 77
>13 22 44
>56 57 78
7.000 13.000 132.000
17.000 23.000 45.000
65.000 57.000 78.000

1. Add matrices
2. Multiply matrix to a constant
3. Multiply matrices
4. Transpose matrix
5. Calculate a determinant
6. Inverse matrix
0. Exit
Your choice: > >0
?[1;31m
Start test 2?[0m
1. Add matrices
2. Multiply matrix to a constant
3. Multiply matrices
4. Transpose matrix
5. Calculate a determinant
6. Inverse matrix
0. Exit
Your choice: > >1
Enter size of matrix: > >4 4
Enter matrix:
>-0.3 677.4 435.2 123.33
>1.3 141.4 0.11 1411.4
>231.33 113.4 99.9 999.9
>1002.22 123.44 55.66 13.3
Enter size of matrix: > >4 4
Enter matrix:
>43.43 234.22 876.6 13.2
>-5.5 -0.3 -1.2 10.2
>-1.0 0.8 0.8 -9.5
>-45.5 45.5 56.5 13.7
43.130 911.620 1311.800 136.530
-4.200 141.100 -1.090 1421.600
230.330 114.200 100.700 990.400
956.720 168.940 112.160 27.000

1. Add matrices
2. Multiply matrix to a constant
3. Multiply matrices
4. Transpose matrix
5. Calculate a determinant
6. Inverse matrix
0. Exit
Your choice: > >0
?[1;31m
Start test 3?[0m
1. Add matrices
2. Multiply matrix to a constant
3. Multiply matrices
4. Transpose matrix
5. Calculate a determinant
6. Inverse matrix
0. Exit
Your choice: > >2
Enter size of matrix: > >3 3
Enter matrix:
>11 234 444
>456 343 222
>997 456 456
>17
187.000 3978.000 7548.000
7752.000 5831.000 3774.000
16949.000 7752.000 7752.000

1. Add matrices
2. Multiply matrix to a constant
3. Multiply matrices
4. Transpose matrix
5. Calculate a determinant
6. Inverse matrix
0. Exit
Your choice: > >0
?[1;31m
Start test 4?[0m
1. Add matrices
2. Multiply matrix to a constant
3. Multiply matrices
4. Transpose matrix
5. Calculate a determinant
6. Inverse matrix
0. Exit
Your choice: > >2
Enter size of matrix: > >4 4
Enter matrix:
>10123 53455 999345 21312
>13559 77654 231221 34534
>12312 23412 342342 525255
>99713 88123 123123 121111
>111
1123653.000 5933505.000 110927295.000 2365632.000
1505049.000 8619594.000 25665531.000 3833274.000
1366632.000 2598732.000 37999962.000 58303305.000
11068143.000 9781653.000 13666653.000 13443321.000

1. Add matrices
2. Multiply matrix to a constant
3. Multiply matrices
4. Transpose matrix
5. Calculate a determinant
6. Inverse matrix
0. Exit
Your choice: > >0
?[1;31m
Start test 5?[0m
1. Add matrices
2. Multiply matrix to a constant
3. Multiply matrices
4. Transpose matrix
5. Calculate a determinant
6. Inverse matrix
0. Exit
Your choice: > >3
Enter size of matrix: > >4 4
Enter matrix:
>1 2 2 7
>3 3 4 5
>5 0 0 1
>0 1 0 8
Enter size of matrix: > >4 4
Enter matrix:
>9 8 7 13
>15 14 0 1
>3 7 2 3
>0 9 0 35
45.000 113.000 11.000 266.000
84.000 139.000 29.000 229.000
45.000 49.000 35.000 100.000
15.000 86.000 0.000 281.000

1. Add matrices
2. Multiply matrix to a constant
3. Multiply matrices
4. Transpose matrix
5. Calculate a determinant
6. Inverse matrix
0. Exit
Your choice: > >0
?[1;31m
Start test 6?[0m
1. Add matrices
2. Multiply matrix to a constant
3. Multiply matrices
4. Transpose matrix
5. Calculate a determinant
6. Inverse matrix
0. Exit
Your choice: > >3
Enter size of matrix: > >2 3
Enter matrix:
>1 0 17
>15 19 7
Enter size of matrix: > >3 4
Enter matrix:
>5 6 78 9
>29 31 47 1
>14 17 0 3
243.000 295.000 78.000 60.000
724.000 798.000 2063.000 175.000

1. Add matrices
2. Multiply matrix to a constant
3. Multiply matrices
4. Transpose matrix
5. Calculate a determinant
6. Inverse matrix
0. Exit
Your choice: > >0
?[1;31m
Start test 7?[0m
1. Add matrices
2. Multiply matrix to a constant
3. Multiply matrices
4. Transpose matrix
5. Calculate a determinant
6. Inverse matrix
0. Exit
Your choice: > >3
Enter size of matrix: > >3 5
Enter matrix:
>1 4 5 6 6
>7 8 9 0 0
>4 1 2 2 2
Enter size of matrix: > >5 2
Enter matrix:
>4 5
>6 1
>6 0
>0 9
>7 7
100.000 105.000
130.000 43.000
48.000 53.000

1. Add matrices
2. Multiply matrix to a constant
3. Multiply matrices
4. Transpose matrix
5. Calculate a determinant
6. Inverse matrix
0. Exit
Your choice: > >0
?[1;31m
Start test 8?[0m
1. Add matrices
2. Multiply matrix to a constant
3. Multiply matrices
4. Transpose matrix
5. Calculate a determinant
6. Inverse matrix
0. Exit
Your choice: > >3
Enter size of matrix: > >4 4
Enter matrix:
>0.65 0.67 76.4 23.2
>-0.7 -13.1 -7.2 9.2
>-0.7 -5.5 -1.5 0.4
>-1.0 12.6 0.8 -0.4
Enter size of matrix: > >4 4
Enter matrix:
>-5.5 -0.3 -1.2 10.2
>-1.0 0.8 0.8 -9.5
>-45.5 45.5 56.5 13.7
>-10.7 11.9 2.2 1.2
-3728.685 3752.621 4367.396 1074.785
246.110 -228.390 -396.200 29.710
73.320 -67.680 -87.430 25.040
-39.220 42.020 55.600 -119.420

1. Add matrices
2. Multiply matrix to a constant
3. Multiply matrices
4. Transpose matrix
5. Calculate a determinant
6. Inverse matrix
0. Exit
Your choice: > >0
?[1;31m
Start test 9?[0m
1. Add matrices
2. Multiply matrix to a constant
3. Multiply matrices
4. Transpose matrix
5. Calculate a determinant
6. Inverse matrix
0. Exit
Your choice: > >3
Enter size of matrix: > >4 4
Enter matrix:
>0.65 0.67 76.4 23.2
>-0.7 -13.1 -7.2 9.2
>-0.7 -5.5 -1.5 0.4
>-1.0 12.6 0.8 -0.4
Enter size of matrix: > >4 4
Enter matrix:
>-5.5 -0.3 -1.2 10.2
>-1.0 0.8 0.8 -9.5
>-45.5 45.5 56.5 13.7
>-10.7 11.9 2.2 1.2
-3728.685 3752.621 4367.396 1074.785
246.110 -228.390 -396.200 29.710
73.320 -67.680 -87.430 25.040
-39.220 42.020 55.600 -119.420

1. Add matrices
2. Multiply matrix to a constant
3. Multiply matrices
4. Transpose matrix
5. Calculate a determinant
6. Inverse matrix
0. Exit
Your choice: > >3
Enter size of matrix: > >3 5
Enter matrix:
>1 4 5 6 6
>7 8 9 0 0
>4 1 2 2 2
Enter size of matrix: > >5 2
Enter matrix:
>4 5
>6 1
>6 0
>0 9
>7 7
100.000 105.000
130.000 43.000
48.000 53.000

1. Add matrices
2. Multiply matrix to a constant
3. Multiply matrices
4. Transpose matrix
5. Calculate a determinant
6. Inverse matrix
0. Exit
Your choice: > >0
?[1;31m
Start test 10?[0m
1. Add matrices
2. Multiply matrix to a constant
3. Multiply matrices
4. Transpose matrix
5. Calculate a determinant
6. Inverse matrix
0. Exit
Your choice: > >4
1. Main diagonal
2. Side diagonal
3. Vertical line
4. Horizontal line
Your choice: > >1
Enter size of matrix: > >3 3
Enter matrix:
>1 7 7
>6 6 4
>4 2 1
1.000 6.000 4.000
7.000 6.000 2.000
7.000 4.000 1.000
1. Add matrices
2. Multiply matrix to a constant
3. Multiply matrices
4. Transpose matrix
5. Calculate a determinant
6. Inverse matrix
0. Exit
Your choice: > >0
?[1;31m
Start test 11?[0m
1. Add matrices
2. Multiply matrix to a constant
3. Multiply matrices
4. Transpose matrix
5. Calculate a determinant
6. Inverse matrix
0. Exit
Your choice: > >4
1. Main diagonal
2. Side diagonal
3. Vertical line
4. Horizontal line
Your choice: > >1
Enter size of matrix: > >3 3
Enter matrix:
>1 7 7
>6 6 4
>4 5 1
1.000 6.000 4.000
7.000 6.000 5.000
7.000 4.000 1.000
1. Add matrices
2. Multiply matrix to a constant
3. Multiply matrices
4. Transpose matrix
5. Calculate a determinant
6. Inverse matrix
0. Exit
Your choice: > >0
?[1;31m
Start test 12?[0m
1. Add matrices
2. Multiply matrix to a constant
3. Multiply matrices
4. Transpose matrix
5. Calculate a determinant
6. Inverse matrix
0. Exit
Your choice: > >4
1. Main diagonal
2. Side diagonal
3. Vertical line
4. Horizontal line
Your choice: > >2
Enter size of matrix: > >3 3
Enter matrix:
>1 2 4
>4 6 6
>7 7 1
1.000 6.000 4.000
7.000 6.000 2.000
7.000 4.000 1.000
1. Add matrices
2. Multiply matrix to a constant
3. Multiply matrices
4. Transpose matrix
5. Calculate a determinant
6. Inverse matrix
0. Exit
Your choice: > >0
?[1;31m
Start test 13?[0m
1. Add matrices
2. Multiply matrix to a constant
3. Multiply matrices
4. Transpose matrix
5. Calculate a determinant
6. Inverse matrix
0. Exit
Your choice: > >4
1. Main diagonal
2. Side diagonal
3. Vertical line
4. Horizontal line
Your choice: > >2
Enter size of matrix: > >3 3
Enter matrix:
>1 5 4
>4 6 6
>7 7 1.0
1.000 6.000 4.000
7.000 6.000 5.000
7.000 4.000 1.000
1. Add matrices
2. Multiply matrix to a constant
3. Multiply matrices
4. Transpose matrix
5. Calculate a determinant
6. Inverse matrix
0. Exit
Your choice: > >0
?[1;31m
Start test 14?[0m
1. Add matrices
2. Multiply matrix to a constant
3. Multiply matrices
4. Transpose matrix
5. Calculate a determinant
6. Inverse matrix
0. Exit
Your choice: > >4
1. Main diagonal
2. Side diagonal
3. Vertical line
4. Horizontal line
Your choice: > >3
Enter size of matrix: > >4 4
Enter matrix:
>6 5 4 2
>8 7 6 6
>1 0 0 5.0
>9 2 8 8
2.000 4.000 5.000 6.000
6.000 6.000 7.000 8.000
5.000 0.000 0.000 1.000
8.000 8.000 2.000 9.000
1. Add matrices
2. Multiply matrix to a constant
3. Multiply matrices
4. Transpose matrix
5. Calculate a determinant
6. Inverse matrix
0. Exit
Your choice: > >0
?[1;31m
Start test 15?[0m
1. Add matrices
2. Multiply matrix to a constant
3. Multiply matrices
4. Transpose matrix
5. Calculate a determinant
6. Inverse matrix
0. Exit
Your choice: > >4
1. Main diagonal
2. Side diagonal
3. Vertical line
4. Horizontal line
Your choice: > >4
Enter size of matrix: > >4 4
Enter matrix:
>8 8 2 9
>5 0 0 1
>6 6 7 8.0
>2 4 5 6
2.000 4.000 5.000 6.000
6.000 6.000 7.000 8.000
5.000 0.000 0.000 1.000
8.000 8.000 2.000 9.000
1. Add matrices
2. Multiply matrix to a constant
3. Multiply matrices
4. Transpose matrix
5. Calculate a determinant
6. Inverse matrix
0. Exit
Your choice: > >0
?[1;31m
Start test 16?[0m
1. Add matrices
2. Multiply matrix to a constant
3. Multiply matrices
4. Transpose matrix
5. Calculate a determinant
6. Inverse matrix
0. Exit
Your choice: > >5
Enter size of matrix: > >3 3
Enter matrix:
>1 2 3
>4 5 7
>10 22 23
31.0
1. Add matrices
2. Multiply matrix to a constant
3. Multiply matrices
4. Transpose matrix
5. Calculate a determinant
6. Inverse matrix
0. Exit
Your choice: > >0
?[1;31m
Start test 17?[0m
1. Add matrices
2. Multiply matrix to a constant
3. Multiply matrices
4. Transpose matrix
5. Calculate a determinant
6. Inverse matrix
0. Exit
Your choice: > >5
Enter size of matrix: > >4 4
Enter matrix:
>2.65 3.54 3.88 8.99
>3.12 5.45 7.77 5.56
>5.31 2.23 2.33 9.81
>1.67 1.67 1.01 9.99
45.219727119999874
1. Add matrices
2. Multiply matrix to a constant
3. Multiply matrices
4. Transpose matrix
5. Calculate a determinant
6. Inverse matrix
0. Exit
Your choice: > >0
?[1;31m
Start test 18?[0m
1. Add matrices
2. Multiply matrix to a constant
3. Multiply matrices
4. Transpose matrix
5. Calculate a determinant
6. Inverse matrix
0. Exit
Your choice: > >6
Enter size of matrix: > >3 3
Enter matrix:
>0.396796 -0.214938 0.276735
>5.19655 -2.06983 -0.388886
>-3.3797 1.50219 0.159794
1.147 2.037 2.971
2.191 4.521 7.208
3.670 0.590 1.338
1. Add matrices
2. Multiply matrix to a constant
3. Multiply matrices
4. Transpose matrix
5. Calculate a determinant
6. Inverse matrix
0. Exit
Your choice: > >0
?[1;31m
Start test 19?[0m
1. Add matrices
2. Multiply matrix to a constant
3. Multiply matrices
4. Transpose matrix
5. Calculate a determinant
6. Inverse matrix
0. Exit
Your choice: > >6
Enter size of matrix: > >4 4
Enter matrix:
>2.65 3.54 3.88 8.99
>3.12 5.45 7.77 5.56
>5.31 2.23 2.33 9.81
>1.67 1.67 1.01 9.99
0.397 -0.215 0.277 -0.509
5.197 -2.070 -0.389 -3.143
-3.380 1.502 0.160 2.048
-0.593 0.230 0.003 0.503
1. Add matrices
2. Multiply matrix to a constant
3. Multiply matrices
4. Transpose matrix
5. Calculate a determinant
6. Inverse matrix
0. Exit
Your choice: > >0
]]></system-out>
  <system-err><![CDATA[]]></system-err>
</testsuite>
